11:27:35 WARN  [com.lightbend.training.coffeehouse.CoffeeHouseApp(akka://coffee-house-system)] - CoffeeHouseApp running
Enter [34mcommands[0m into the terminal: [34m[e.g. `q` or `quit`][0m
11:27:35 DEBUG [akka://coffee-house-system/user/coffee-house] - CoffeeHouse Open
11:27:35 INFO  [akka://coffee-house-system/user/coffee-house] - Coffee Brewing
11:59:17 DEBUG [akka://coffee-house-system/user/coffee-house] - CoffeeHouse Open
11:59:17 WARN  [com.lightbend.training.coffeehouse.CoffeeHouseApp(akka://coffee-house-system)] - CoffeeHouseApp running
Enter [34mcommands[0m into the terminal: [34m[e.g. `q` or `quit`][0m
11:59:17 INFO  [com.lightbend.training.coffeehouse.CoffeeHouseApp(akka://coffee-house-system)] - Coffee Brewing
12:21:28 WARN  [com.lightbend.training.coffeehouse.CoffeeHouseApp(akka://coffee-house-system)] - CoffeeHouseApp running
Enter [34mcommands[0m into the terminal: [34m[e.g. `q` or `quit`][0m
12:21:28 DEBUG [akka://coffee-house-system/user/coffee-house] - CoffeeHouse Open
12:21:28 DEBUG [akka://coffee-house-system/user/coffee-house] - started (com.lightbend.training.coffeehouse.CoffeeHouse@6f7f114e)
12:26:50 DEBUG [akka://coffee-house-system/user/coffee-house] - stopped
12:26:55 WARN  [com.lightbend.training.coffeehouse.CoffeeHouseApp(akka://coffee-house-system)] - CoffeeHouseApp running
Enter [34mcommands[0m into the terminal: [34m[e.g. `q` or `quit`][0m
12:26:55 DEBUG [akka://coffee-house-system/user/coffee-house] - CoffeeHouse Open
12:26:55 DEBUG [akka://coffee-house-system/user/coffee-house] - started (com.lightbend.training.coffeehouse.CoffeeHouse@4db85913)
12:31:00 DEBUG [akka://coffee-house-system/user/coffee-house] - now supervising Actor[akka://coffee-house-system/user/coffee-house/$a#-475449414]
12:31:00 DEBUG [akka://coffee-house-system/user/coffee-house/$a] - started (com.lightbend.training.coffeehouse.Guest@28c2a356)
12:31:00 DEBUG [akka://coffee-house-system/user/coffee-house/$b] - started (com.lightbend.training.coffeehouse.Guest@273d079c)
12:31:00 DEBUG [akka://coffee-house-system/user/coffee-house] - now supervising Actor[akka://coffee-house-system/user/coffee-house/$b#-1767241326]
12:31:00 DEBUG [akka://coffee-house-system/user/coffee-house/$c] - started (com.lightbend.training.coffeehouse.Guest@37fb083f)
12:31:00 DEBUG [akka://coffee-house-system/user/coffee-house] - now supervising Actor[akka://coffee-house-system/user/coffee-house/$c#-1501773448]
12:31:00 DEBUG [akka://coffee-house-system/user/coffee-house] - now supervising Actor[akka://coffee-house-system/user/coffee-house/$d#2811033]
12:31:00 DEBUG [akka://coffee-house-system/user/coffee-house/$d] - started (com.lightbend.training.coffeehouse.Guest@4a264928)
12:31:00 DEBUG [akka://coffee-house-system/user/coffee-house] - now supervising Actor[akka://coffee-house-system/user/coffee-house/$e#-299093912]
12:31:00 DEBUG [akka://coffee-house-system/user/coffee-house/$e] - started (com.lightbend.training.coffeehouse.Guest@28310794)
12:32:03 DEBUG [akka://coffee-house-system/user/coffee-house/$a] - stopped
12:32:03 DEBUG [akka://coffee-house-system/user/coffee-house/$b] - stopped
12:32:03 DEBUG [akka://coffee-house-system/user/coffee-house] - stopping
12:32:03 DEBUG [akka://coffee-house-system/user/coffee-house/$c] - stopped
12:32:03 DEBUG [akka://coffee-house-system/user/coffee-house/$e] - stopped
12:32:03 DEBUG [akka://coffee-house-system/user/coffee-house/$d] - stopped
12:32:03 DEBUG [akka://coffee-house-system/user/coffee-house] - stopped
12:34:45 WARN  [com.lightbend.training.coffeehouse.CoffeeHouseApp(akka://coffee-house-system)] - CoffeeHouseApp running
Enter [34mcommands[0m into the terminal: [34m[e.g. `q` or `quit`][0m
12:34:45 DEBUG [akka://coffee-house-system/user/coffee-house] - CoffeeHouse Open
12:34:45 DEBUG [akka://coffee-house-system/user/coffee-house] - started (com.lightbend.training.coffeehouse.CoffeeHouse@ae31a18)
12:37:58 DEBUG [akka://coffee-house-system/user/coffee-house] - now supervising Actor[akka://coffee-house-system/user/coffee-house/$a#-769253270]
12:37:58 DEBUG [akka://coffee-house-system/user/coffee-house/$a] - started (com.lightbend.training.coffeehouse.Guest@3c65971)
12:37:59 DEBUG [akka://coffee-house-system/user/coffee-house] - now supervising Actor[akka://coffee-house-system/user/coffee-house/$b#3862299]
12:37:59 DEBUG [akka://coffee-house-system/user/coffee-house/$b] - started (com.lightbend.training.coffeehouse.Guest@11e7b0cb)
12:37:59 DEBUG [akka://coffee-house-system/user/coffee-house] - now supervising Actor[akka://coffee-house-system/user/coffee-house/$c#2035881501]
12:37:59 DEBUG [akka://coffee-house-system/user/coffee-house/$c] - started (com.lightbend.training.coffeehouse.Guest@673a1dfa)
12:39:45 DEBUG [akka://coffee-house-system/user/coffee-house/$a] - stopped
12:39:45 DEBUG [akka://coffee-house-system/user/coffee-house] - stopping
12:39:45 DEBUG [akka://coffee-house-system/user/coffee-house/$b] - stopped
12:39:45 DEBUG [akka://coffee-house-system/user/coffee-house/$c] - stopped
12:39:45 DEBUG [akka://coffee-house-system/user/coffee-house] - stopped
13:58:57 WARN  [com.lightbend.training.coffeehouse.CoffeeHouseApp(akka://coffee-house-system)] - CoffeeHouseApp running
Enter [34mcommands[0m into the terminal: [34m[e.g. `q` or `quit`][0m
13:58:57 DEBUG [akka://coffee-house-system/user/coffee-house] - CoffeeHouse Open
13:58:57 DEBUG [akka://coffee-house-system/user/coffee-house/waiter] - started (com.lightbend.training.coffeehouse.Waiter@4803b1e8)
13:58:57 DEBUG [akka://coffee-house-system/user/coffee-house] - started (com.lightbend.training.coffeehouse.CoffeeHouse@4a142271)
13:58:57 DEBUG [akka://coffee-house-system/user/coffee-house] - now supervising Actor[akka://coffee-house-system/user/coffee-house/waiter#491310416]
14:00:08 DEBUG [akka://coffee-house-system/user/coffee-house] - now supervising Actor[akka://coffee-house-system/user/coffee-house/$a#-722948058]
14:00:08 DEBUG [akka://coffee-house-system/user/coffee-house/$a] - started (com.lightbend.training.coffeehouse.Guest@4779771b)
14:00:08 DEBUG [akka://coffee-house-system/user/coffee-house/$b] - started (com.lightbend.training.coffeehouse.Guest@469416ad)
14:00:08 DEBUG [akka://coffee-house-system/user/coffee-house] - now supervising Actor[akka://coffee-house-system/user/coffee-house/$b#-1355898449]
14:00:08 DEBUG [akka://coffee-house-system/user/coffee-house] - now supervising Actor[akka://coffee-house-system/user/coffee-house/$c#-638534502]
14:00:08 DEBUG [akka://coffee-house-system/user/coffee-house/$c] - started (com.lightbend.training.coffeehouse.Guest@2c15c22f)
14:00:08 DEBUG [akka://coffee-house-system/user/coffee-house/$d] - started (com.lightbend.training.coffeehouse.Guest@33bb013f)
14:00:08 DEBUG [akka://coffee-house-system/user/coffee-house] - now supervising Actor[akka://coffee-house-system/user/coffee-house/$d#-660636328]
14:00:08 DEBUG [akka://coffee-house-system/user/coffee-house] - now supervising Actor[akka://coffee-house-system/user/coffee-house/$e#-1324091027]
14:00:08 DEBUG [akka://coffee-house-system/user/coffee-house/$e] - started (com.lightbend.training.coffeehouse.Guest@5236589a)
14:03:12 DEBUG [akka://coffee-house-system/user/coffee-house/$a] - stopped
14:03:12 DEBUG [akka://coffee-house-system/user/coffee-house/$b] - stopped
14:03:12 DEBUG [akka://coffee-house-system/user/coffee-house] - stopping
14:03:12 DEBUG [akka://coffee-house-system/user/coffee-house/$d] - stopped
14:03:12 DEBUG [akka://coffee-house-system/user/coffee-house/$e] - stopped
14:03:12 DEBUG [akka://coffee-house-system/user/coffee-house/$c] - stopped
14:03:12 DEBUG [akka://coffee-house-system/user/coffee-house/waiter] - stopped
14:03:12 DEBUG [akka://coffee-house-system/user/coffee-house] - stopped
14:03:17 WARN  [com.lightbend.training.coffeehouse.CoffeeHouseApp(akka://coffee-house-system)] - CoffeeHouseApp running
Enter [34mcommands[0m into the terminal: [34m[e.g. `q` or `quit`][0m
14:03:17 DEBUG [akka://coffee-house-system/user/coffee-house] - CoffeeHouse Open
14:03:17 DEBUG [akka://coffee-house-system/user/coffee-house] - started (com.lightbend.training.coffeehouse.CoffeeHouse@479b62ba)
14:03:17 DEBUG [akka://coffee-house-system/user/coffee-house] - now supervising Actor[akka://coffee-house-system/user/coffee-house/waiter#-1403907855]
14:03:17 DEBUG [akka://coffee-house-system/user/coffee-house/waiter] - started (com.lightbend.training.coffeehouse.Waiter@7e49db34)
14:04:42 DEBUG [akka://coffee-house-system/user/coffee-house/waiter] - stopped
14:04:42 DEBUG [akka://coffee-house-system/user/coffee-house] - stopping
14:04:42 DEBUG [akka://coffee-house-system/user/coffee-house] - stopped
14:04:48 WARN  [com.lightbend.training.coffeehouse.CoffeeHouseApp(akka://coffee-house-system)] - CoffeeHouseApp running
Enter [34mcommands[0m into the terminal: [34m[e.g. `q` or `quit`][0m
14:04:48 DEBUG [akka://coffee-house-system/user/coffee-house] - CoffeeHouse Open
14:04:48 DEBUG [akka://coffee-house-system/user/coffee-house] - started (com.lightbend.training.coffeehouse.CoffeeHouse@18cef49)
14:04:48 DEBUG [akka://coffee-house-system/user/coffee-house] - now supervising Actor[akka://coffee-house-system/user/coffee-house/waiter#1520966918]
14:04:48 DEBUG [akka://coffee-house-system/user/coffee-house/waiter] - started (com.lightbend.training.coffeehouse.Waiter@5ed595d3)
14:07:29 DEBUG [akka://coffee-house-system/user/coffee-house] - stopping
14:07:29 DEBUG [akka://coffee-house-system/user/coffee-house/waiter] - stopped
14:07:29 DEBUG [akka://coffee-house-system/user/coffee-house] - stopped
14:07:33 WARN  [com.lightbend.training.coffeehouse.CoffeeHouseApp(akka://coffee-house-system)] - CoffeeHouseApp running
Enter [34mcommands[0m into the terminal: [34m[e.g. `q` or `quit`][0m
14:07:33 DEBUG [akka://coffee-house-system/user/coffee-house] - CoffeeHouse Open
14:07:33 DEBUG [akka://coffee-house-system/user/coffee-house] - started (com.lightbend.training.coffeehouse.CoffeeHouse@33f9d054)
14:07:33 DEBUG [akka://coffee-house-system/user/coffee-house] - now supervising Actor[akka://coffee-house-system/user/coffee-house/waiter#-778505858]
14:07:33 DEBUG [akka://coffee-house-system/user/coffee-house/waiter] - started (com.lightbend.training.coffeehouse.Waiter@65a0f674)
14:08:27 DEBUG [akka://coffee-house-system/user/coffee-house] - stopping
14:08:27 DEBUG [akka://coffee-house-system/user/coffee-house/waiter] - stopped
14:08:27 DEBUG [akka://coffee-house-system/user/coffee-house] - stopped
14:08:37 WARN  [com.lightbend.training.coffeehouse.CoffeeHouseApp(akka://coffee-house-system)] - CoffeeHouseApp running
Enter [34mcommands[0m into the terminal: [34m[e.g. `q` or `quit`][0m
14:08:37 DEBUG [akka://coffee-house-system/user/coffee-house] - CoffeeHouse Open
14:08:37 DEBUG [akka://coffee-house-system/user/coffee-house/waiter] - started (com.lightbend.training.coffeehouse.Waiter@515e6a3f)
14:08:37 DEBUG [akka://coffee-house-system/user/coffee-house] - started (com.lightbend.training.coffeehouse.CoffeeHouse@26dab25f)
14:08:37 DEBUG [akka://coffee-house-system/user/coffee-house] - now supervising Actor[akka://coffee-house-system/user/coffee-house/waiter#-1593096307]
14:08:49 DEBUG [akka://coffee-house-system/user/coffee-house] - now supervising Actor[akka://coffee-house-system/user/coffee-house/$a#105100195]
14:08:49 DEBUG [akka://coffee-house-system/user/coffee-house/$a] - started (com.lightbend.training.coffeehouse.Guest@61a4d20d)
14:08:49 DEBUG [akka://coffee-house-system/user/coffee-house] - now supervising Actor[akka://coffee-house-system/user/coffee-house/$b#1854687654]
14:08:49 DEBUG [akka://coffee-house-system/user/coffee-house/$b] - started (com.lightbend.training.coffeehouse.Guest@5cf8d641)
14:08:49 DEBUG [akka://coffee-house-system/user/coffee-house] - now supervising Actor[akka://coffee-house-system/user/coffee-house/$c#-482811238]
14:08:49 DEBUG [akka://coffee-house-system/user/coffee-house/$c] - started (com.lightbend.training.coffeehouse.Guest@5e4ae953)
14:08:49 DEBUG [akka://coffee-house-system/user/coffee-house] - now supervising Actor[akka://coffee-house-system/user/coffee-house/$d#1638338315]
14:08:49 DEBUG [akka://coffee-house-system/user/coffee-house/$d] - started (com.lightbend.training.coffeehouse.Guest@129fdc2c)
14:08:49 DEBUG [akka://coffee-house-system/user/coffee-house] - now supervising Actor[akka://coffee-house-system/user/coffee-house/$e#-1178302310]
14:08:49 DEBUG [akka://coffee-house-system/user/coffee-house/$e] - started (com.lightbend.training.coffeehouse.Guest@4051e66c)
14:09:36 DEBUG [akka://coffee-house-system/user/coffee-house/$b] - stopped
14:09:36 DEBUG [akka://coffee-house-system/user/coffee-house/$a] - stopped
14:09:36 DEBUG [akka://coffee-house-system/user/coffee-house] - stopping
14:09:36 DEBUG [akka://coffee-house-system/user/coffee-house/$c] - stopped
14:09:36 DEBUG [akka://coffee-house-system/user/coffee-house/$e] - stopped
14:09:36 DEBUG [akka://coffee-house-system/user/coffee-house/$d] - stopped
14:09:36 DEBUG [akka://coffee-house-system/user/coffee-house/waiter] - stopped
14:09:36 DEBUG [akka://coffee-house-system/user/coffee-house] - stopped
14:09:43 WARN  [com.lightbend.training.coffeehouse.CoffeeHouseApp(akka://coffee-house-system)] - CoffeeHouseApp running
Enter [34mcommands[0m into the terminal: [34m[e.g. `q` or `quit`][0m
14:09:43 DEBUG [akka://coffee-house-system/user/coffee-house] - CoffeeHouse Open
14:09:43 DEBUG [akka://coffee-house-system/user/coffee-house/waiter] - started (com.lightbend.training.coffeehouse.Waiter@5fbf9d16)
14:09:43 DEBUG [akka://coffee-house-system/user/coffee-house] - started (com.lightbend.training.coffeehouse.CoffeeHouse@7cdf2c62)
14:09:43 DEBUG [akka://coffee-house-system/user/coffee-house] - now supervising Actor[akka://coffee-house-system/user/coffee-house/waiter#1527068899]
14:18:23 DEBUG [akka://coffee-house-system/user/coffee-house] - stopping
14:18:23 DEBUG [akka://coffee-house-system/user/coffee-house/waiter] - stopped
14:18:23 DEBUG [akka://coffee-house-system/user/coffee-house] - stopped
14:18:29 WARN  [com.lightbend.training.coffeehouse.CoffeeHouseApp(akka://coffee-house-system)] - CoffeeHouseApp running
Enter [34mcommands[0m into the terminal: [34m[e.g. `q` or `quit`][0m
14:18:29 DEBUG [akka://coffee-house-system/user/coffee-house] - CoffeeHouse Open
14:18:29 DEBUG [akka://coffee-house-system/user/coffee-house] - started (com.lightbend.training.coffeehouse.CoffeeHouse@44e803c8)
14:18:29 DEBUG [akka://coffee-house-system/user/coffee-house/waiter] - started (com.lightbend.training.coffeehouse.Waiter@58254de8)
14:18:29 DEBUG [akka://coffee-house-system/user/coffee-house] - now supervising Actor[akka://coffee-house-system/user/coffee-house/waiter#962431301]
14:19:32 DEBUG [akka://coffee-house-system/user/coffee-house] - stopping
14:19:32 DEBUG [akka://coffee-house-system/user/coffee-house/waiter] - stopped
14:19:32 DEBUG [akka://coffee-house-system/user/coffee-house] - stopped
14:19:37 WARN  [com.lightbend.training.coffeehouse.CoffeeHouseApp(akka://coffee-house-system)] - CoffeeHouseApp running
Enter [34mcommands[0m into the terminal: [34m[e.g. `q` or `quit`][0m
14:19:37 DEBUG [akka://coffee-house-system/user/coffee-house] - CoffeeHouse Open
14:19:37 DEBUG [akka://coffee-house-system/user/coffee-house] - started (com.lightbend.training.coffeehouse.CoffeeHouse@3d226171)
14:19:37 DEBUG [akka://coffee-house-system/user/coffee-house/waiter] - started (com.lightbend.training.coffeehouse.Waiter@25cc8d33)
14:19:37 DEBUG [akka://coffee-house-system/user/coffee-house] - now supervising Actor[akka://coffee-house-system/user/coffee-house/waiter#-2029006161]
14:23:51 DEBUG [akka://coffee-house-system/user/coffee-house] - stopping
14:23:51 DEBUG [akka://coffee-house-system/user/coffee-house/waiter] - stopped
14:23:51 DEBUG [akka://coffee-house-system/user/coffee-house] - stopped
14:23:56 WARN  [com.lightbend.training.coffeehouse.CoffeeHouseApp(akka://coffee-house-system)] - CoffeeHouseApp running
Enter [34mcommands[0m into the terminal: [34m[e.g. `q` or `quit`][0m
14:23:56 DEBUG [akka://coffee-house-system/user/coffee-house] - CoffeeHouse Open
14:23:56 DEBUG [akka://coffee-house-system/user/coffee-house] - started (com.lightbend.training.coffeehouse.CoffeeHouse@3dbcc48)
14:23:56 DEBUG [akka://coffee-house-system/user/coffee-house] - now supervising Actor[akka://coffee-house-system/user/coffee-house/waiter#170151239]
14:23:56 DEBUG [akka://coffee-house-system/user/coffee-house/waiter] - started (com.lightbend.training.coffeehouse.Waiter@2e913790)
14:26:24 DEBUG [akka://coffee-house-system/user/coffee-house/waiter] - stopped
14:26:24 DEBUG [akka://coffee-house-system/user/coffee-house] - stopping
14:26:24 DEBUG [akka://coffee-house-system/user/coffee-house] - stopped
14:26:29 WARN  [com.lightbend.training.coffeehouse.CoffeeHouseApp(akka://coffee-house-system)] - CoffeeHouseApp running
Enter [34mcommands[0m into the terminal: [34m[e.g. `q` or `quit`][0m
14:26:29 DEBUG [akka://coffee-house-system/user/coffee-house] - CoffeeHouse Open
14:26:29 DEBUG [akka://coffee-house-system/user/coffee-house] - started (com.lightbend.training.coffeehouse.CoffeeHouse@62b02fdc)
14:26:29 DEBUG [akka://coffee-house-system/user/coffee-house] - now supervising Actor[akka://coffee-house-system/user/coffee-house/waiter#963583825]
14:26:29 DEBUG [akka://coffee-house-system/user/coffee-house/waiter] - started (com.lightbend.training.coffeehouse.Waiter@551b1016)
14:29:05 DEBUG [akka://coffee-house-system/user/coffee-house] - stopping
14:29:05 DEBUG [akka://coffee-house-system/user/coffee-house/waiter] - stopped
14:29:05 DEBUG [akka://coffee-house-system/user/coffee-house] - stopped
14:29:10 WARN  [com.lightbend.training.coffeehouse.CoffeeHouseApp(akka://coffee-house-system)] - CoffeeHouseApp running
Enter [34mcommands[0m into the terminal: [34m[e.g. `q` or `quit`][0m
14:29:10 DEBUG [akka://coffee-house-system/user/coffee-house] - CoffeeHouse Open
14:29:10 DEBUG [akka://coffee-house-system/user/coffee-house] - started (com.lightbend.training.coffeehouse.CoffeeHouse@57c5a600)
14:29:10 DEBUG [akka://coffee-house-system/user/coffee-house/waiter] - started (com.lightbend.training.coffeehouse.Waiter@4afda40d)
14:29:10 DEBUG [akka://coffee-house-system/user/coffee-house] - now supervising Actor[akka://coffee-house-system/user/coffee-house/waiter#1326015883]
14:29:15 DEBUG [akka://coffee-house-system/user/coffee-house] - stopping
14:29:15 DEBUG [akka://coffee-house-system/user/coffee-house/waiter] - stopped
14:29:15 DEBUG [akka://coffee-house-system/user/coffee-house] - stopped
14:29:44 WARN  [com.lightbend.training.coffeehouse.CoffeeHouseApp(akka://coffee-house-system)] - CoffeeHouseApp running
Enter [34mcommands[0m into the terminal: [34m[e.g. `q` or `quit`][0m
14:29:44 DEBUG [akka://coffee-house-system/user/coffee-house] - CoffeeHouse Open
14:29:44 DEBUG [akka://coffee-house-system/user/coffee-house] - started (com.lightbend.training.coffeehouse.CoffeeHouse@36d9215b)
14:29:44 DEBUG [akka://coffee-house-system/user/coffee-house] - now supervising Actor[akka://coffee-house-system/user/coffee-house/waiter#1511823289]
14:29:44 DEBUG [akka://coffee-house-system/user/coffee-house/waiter] - started (com.lightbend.training.coffeehouse.Waiter@6fb5c717)
14:31:21 DEBUG [akka://coffee-house-system/user/coffee-house] - stopping
14:31:21 DEBUG [akka://coffee-house-system/user/coffee-house/waiter] - stopped
14:31:21 DEBUG [akka://coffee-house-system/user/coffee-house] - stopped
15:03:44 WARN  [com.lightbend.training.coffeehouse.CoffeeHouseApp(akka://coffee-house-system)] - CoffeeHouseApp running
Enter [34mcommands[0m into the terminal: [34m[e.g. `q` or `quit`][0m
15:03:44 DEBUG [akka://coffee-house-system/user/coffee-house] - CoffeeHouse Open
15:03:44 DEBUG [akka://coffee-house-system/user/coffee-house] - started (com.lightbend.training.coffeehouse.CoffeeHouse@c757f80)
15:03:44 DEBUG [akka://coffee-house-system/user/coffee-house/waiter] - started (com.lightbend.training.coffeehouse.Waiter@5f01b1f4)
15:03:44 DEBUG [akka://coffee-house-system/user/coffee-house] - now supervising Actor[akka://coffee-house-system/user/coffee-house/waiter#74157164]
15:04:18 WARN  [com.lightbend.training.coffeehouse.CoffeeHouseApp(akka://coffee-house-system)] - Unknown command 1 g 2 m !
15:04:31 DEBUG [akka://coffee-house-system/user/coffee-house] - now supervising Actor[akka://coffee-house-system/user/coffee-house/$a#111791424]
15:04:31 DEBUG [akka://coffee-house-system/user/coffee-house/$a] - started (com.lightbend.training.coffeehouse.Guest@347f2938)
15:04:31 INFO  [akka://coffee-house-system/user/coffee-house/$a] - Enjoying my 1 yummy MochaPlay!
15:04:33 INFO  [akka://coffee-house-system/user/coffee-house/$a] - Enjoying my 2 yummy MochaPlay!
15:04:35 INFO  [akka://coffee-house-system/user/coffee-house/$a] - Enjoying my 3 yummy MochaPlay!
15:04:37 INFO  [akka://coffee-house-system/user/coffee-house/$a] - Enjoying my 4 yummy MochaPlay!
15:04:39 INFO  [akka://coffee-house-system/user/coffee-house/$a] - Enjoying my 5 yummy MochaPlay!
15:04:41 INFO  [akka://coffee-house-system/user/coffee-house/$a] - Enjoying my 6 yummy MochaPlay!
15:04:43 INFO  [akka://coffee-house-system/user/coffee-house/$a] - Enjoying my 7 yummy MochaPlay!
15:04:45 INFO  [akka://coffee-house-system/user/coffee-house/$a] - Enjoying my 8 yummy MochaPlay!
15:04:47 INFO  [akka://coffee-house-system/user/coffee-house/$a] - Enjoying my 9 yummy MochaPlay!
15:04:49 INFO  [akka://coffee-house-system/user/coffee-house/$a] - Enjoying my 10 yummy MochaPlay!
15:04:51 INFO  [akka://coffee-house-system/user/coffee-house/$a] - Enjoying my 11 yummy MochaPlay!
15:04:53 INFO  [akka://coffee-house-system/user/coffee-house/$a] - Enjoying my 12 yummy MochaPlay!
15:04:55 INFO  [akka://coffee-house-system/user/coffee-house/$a] - Enjoying my 13 yummy MochaPlay!
15:04:57 INFO  [akka://coffee-house-system/user/coffee-house/$a] - Enjoying my 14 yummy MochaPlay!
15:04:59 INFO  [akka://coffee-house-system/user/coffee-house/$a] - Enjoying my 15 yummy MochaPlay!
15:05:01 INFO  [akka://coffee-house-system/user/coffee-house/$a] - Enjoying my 16 yummy MochaPlay!
15:05:03 INFO  [akka://coffee-house-system/user/coffee-house/$a] - Enjoying my 17 yummy MochaPlay!
15:05:05 INFO  [akka://coffee-house-system/user/coffee-house/$a] - Enjoying my 18 yummy MochaPlay!
15:05:07 INFO  [akka://coffee-house-system/user/coffee-house/$a] - Enjoying my 19 yummy MochaPlay!
15:05:09 INFO  [akka://coffee-house-system/user/coffee-house/$a] - Enjoying my 20 yummy MochaPlay!
15:05:11 INFO  [akka://coffee-house-system/user/coffee-house/$a] - Enjoying my 21 yummy MochaPlay!
15:05:13 INFO  [akka://coffee-house-system/user/coffee-house/$a] - Enjoying my 22 yummy MochaPlay!
15:05:15 INFO  [akka://coffee-house-system/user/coffee-house/$a] - Enjoying my 23 yummy MochaPlay!
15:05:17 INFO  [akka://coffee-house-system/user/coffee-house/$a] - Enjoying my 24 yummy MochaPlay!
15:05:19 INFO  [akka://coffee-house-system/user/coffee-house/$a] - Enjoying my 25 yummy MochaPlay!
15:05:21 INFO  [akka://coffee-house-system/user/coffee-house/$a] - Enjoying my 26 yummy MochaPlay!
15:05:23 INFO  [akka://coffee-house-system/user/coffee-house/$a] - Enjoying my 27 yummy MochaPlay!
15:05:25 INFO  [akka://coffee-house-system/user/coffee-house/$a] - Enjoying my 28 yummy MochaPlay!
15:05:27 INFO  [akka://coffee-house-system/user/coffee-house/$a] - Enjoying my 29 yummy MochaPlay!
15:05:29 INFO  [akka://coffee-house-system/user/coffee-house/$a] - Enjoying my 30 yummy MochaPlay!
15:05:31 INFO  [akka://coffee-house-system/user/coffee-house/$a] - Enjoying my 31 yummy MochaPlay!
15:05:33 INFO  [akka://coffee-house-system/user/coffee-house/$a] - Enjoying my 32 yummy MochaPlay!
15:05:35 INFO  [akka://coffee-house-system/user/coffee-house/$a] - Enjoying my 33 yummy MochaPlay!
15:05:37 INFO  [akka://coffee-house-system/user/coffee-house/$a] - Enjoying my 34 yummy MochaPlay!
15:05:39 INFO  [akka://coffee-house-system/user/coffee-house/$a] - Enjoying my 35 yummy MochaPlay!
15:05:41 INFO  [akka://coffee-house-system/user/coffee-house/$a] - Enjoying my 36 yummy MochaPlay!
15:05:43 INFO  [akka://coffee-house-system/user/coffee-house/$a] - Enjoying my 37 yummy MochaPlay!
15:05:45 INFO  [akka://coffee-house-system/user/coffee-house/$a] - Enjoying my 38 yummy MochaPlay!
15:05:47 INFO  [akka://coffee-house-system/user/coffee-house/$a] - Enjoying my 39 yummy MochaPlay!
15:05:49 INFO  [akka://coffee-house-system/user/coffee-house/$a] - Enjoying my 40 yummy MochaPlay!
15:05:51 INFO  [akka://coffee-house-system/user/coffee-house/$a] - Enjoying my 41 yummy MochaPlay!
15:05:53 INFO  [akka://coffee-house-system/user/coffee-house/$a] - Enjoying my 42 yummy MochaPlay!
15:05:55 INFO  [akka://coffee-house-system/user/coffee-house/$a] - Enjoying my 43 yummy MochaPlay!
15:05:57 INFO  [akka://coffee-house-system/user/coffee-house/$a] - Enjoying my 44 yummy MochaPlay!
15:05:59 INFO  [akka://coffee-house-system/user/coffee-house/$a] - Enjoying my 45 yummy MochaPlay!
15:06:01 INFO  [akka://coffee-house-system/user/coffee-house/$a] - Enjoying my 46 yummy MochaPlay!
15:06:04 INFO  [akka://coffee-house-system/user/coffee-house/$a] - Enjoying my 47 yummy MochaPlay!
15:06:06 INFO  [akka://coffee-house-system/user/coffee-house/$a] - Enjoying my 48 yummy MochaPlay!
15:06:08 INFO  [akka://coffee-house-system/user/coffee-house/$a] - Enjoying my 49 yummy MochaPlay!
15:06:10 INFO  [akka://coffee-house-system/user/coffee-house/$a] - Enjoying my 50 yummy MochaPlay!
15:06:12 INFO  [akka://coffee-house-system/user/coffee-house/$a] - Enjoying my 51 yummy MochaPlay!
15:06:14 INFO  [akka://coffee-house-system/user/coffee-house/$a] - Enjoying my 52 yummy MochaPlay!
15:06:16 INFO  [akka://coffee-house-system/user/coffee-house/$a] - Enjoying my 53 yummy MochaPlay!
15:06:18 INFO  [akka://coffee-house-system/user/coffee-house/$a] - Enjoying my 54 yummy MochaPlay!
15:06:20 INFO  [akka://coffee-house-system/user/coffee-house/$a] - Enjoying my 55 yummy MochaPlay!
15:06:22 INFO  [akka://coffee-house-system/user/coffee-house/$a] - Enjoying my 56 yummy MochaPlay!
15:06:24 INFO  [akka://coffee-house-system/user/coffee-house/$a] - Enjoying my 57 yummy MochaPlay!
15:06:26 INFO  [akka://coffee-house-system/user/coffee-house/$a] - Enjoying my 58 yummy MochaPlay!
15:06:28 INFO  [akka://coffee-house-system/user/coffee-house/$a] - Enjoying my 59 yummy MochaPlay!
15:06:30 INFO  [akka://coffee-house-system/user/coffee-house/$a] - Enjoying my 60 yummy MochaPlay!
15:06:32 INFO  [akka://coffee-house-system/user/coffee-house/$a] - Enjoying my 61 yummy MochaPlay!
15:06:34 INFO  [akka://coffee-house-system/user/coffee-house/$a] - Enjoying my 62 yummy MochaPlay!
15:06:36 INFO  [akka://coffee-house-system/user/coffee-house/$a] - Enjoying my 63 yummy MochaPlay!
15:06:38 INFO  [akka://coffee-house-system/user/coffee-house/$a] - Enjoying my 64 yummy MochaPlay!
15:06:40 INFO  [akka://coffee-house-system/user/coffee-house/$a] - Enjoying my 65 yummy MochaPlay!
15:06:42 INFO  [akka://coffee-house-system/user/coffee-house/$a] - Enjoying my 66 yummy MochaPlay!
15:06:44 INFO  [akka://coffee-house-system/user/coffee-house/$a] - Enjoying my 67 yummy MochaPlay!
15:06:46 INFO  [akka://coffee-house-system/user/coffee-house/$a] - Enjoying my 68 yummy MochaPlay!
15:06:48 INFO  [akka://coffee-house-system/user/coffee-house/$a] - Enjoying my 69 yummy MochaPlay!
15:06:50 INFO  [akka://coffee-house-system/user/coffee-house/$a] - Enjoying my 70 yummy MochaPlay!
15:06:52 INFO  [akka://coffee-house-system/user/coffee-house/$a] - Enjoying my 71 yummy MochaPlay!
15:06:54 INFO  [akka://coffee-house-system/user/coffee-house/$a] - Enjoying my 72 yummy MochaPlay!
15:06:56 INFO  [akka://coffee-house-system/user/coffee-house/$a] - Enjoying my 73 yummy MochaPlay!
15:06:58 INFO  [akka://coffee-house-system/user/coffee-house/$a] - Enjoying my 74 yummy MochaPlay!
15:07:00 INFO  [akka://coffee-house-system/user/coffee-house/$a] - Enjoying my 75 yummy MochaPlay!
15:07:02 INFO  [akka://coffee-house-system/user/coffee-house/$a] - Enjoying my 76 yummy MochaPlay!
15:07:04 INFO  [akka://coffee-house-system/user/coffee-house/$a] - Enjoying my 77 yummy MochaPlay!
15:07:06 INFO  [akka://coffee-house-system/user/coffee-house/$a] - Enjoying my 78 yummy MochaPlay!
15:07:08 INFO  [akka://coffee-house-system/user/coffee-house/$a] - Enjoying my 79 yummy MochaPlay!
15:07:08 DEBUG [akka://coffee-house-system/user/coffee-house/waiter] - stopped
15:07:08 DEBUG [akka://coffee-house-system/user/coffee-house] - stopping
15:07:08 DEBUG [akka://coffee-house-system/user/coffee-house/$a] - stopped
15:07:08 DEBUG [akka://coffee-house-system/user/coffee-house] - stopped
15:39:23 WARN  [com.lightbend.training.coffeehouse.CoffeeHouseApp(akka://coffee-house-system)] - CoffeeHouseApp running
Enter [34mcommands[0m into the terminal: [34m[e.g. `q` or `quit`][0m
15:39:23 DEBUG [akka://coffee-house-system/user/coffee-house] - CoffeeHouse Open
15:39:23 DEBUG [akka://coffee-house-system/user/coffee-house/waiter] - started (com.lightbend.training.coffeehouse.Waiter@2106ad4f)
15:39:23 DEBUG [akka://coffee-house-system/user/coffee-house] - started (com.lightbend.training.coffeehouse.CoffeeHouse@381edb2)
15:39:23 DEBUG [akka://coffee-house-system/user/coffee-house/barista] - started (com.lightbend.training.coffeehouse.Barista@1e3f9946)
15:39:23 DEBUG [akka://coffee-house-system/user/coffee-house] - now supervising Actor[akka://coffee-house-system/user/coffee-house/waiter#-1917712965]
15:39:23 DEBUG [akka://coffee-house-system/user/coffee-house] - now supervising Actor[akka://coffee-house-system/user/coffee-house/barista#382553554]
15:39:27 DEBUG [akka://coffee-house-system/user/coffee-house/barista] - stopped
15:39:27 DEBUG [akka://coffee-house-system/user/coffee-house] - stopping
15:39:27 DEBUG [akka://coffee-house-system/user/coffee-house/waiter] - stopped
15:39:27 DEBUG [akka://coffee-house-system/user/coffee-house] - stopped
17:52:35 WARN  [com.lightbend.training.coffeehouse.CoffeeHouseApp(akka://coffee-house-system)] - CoffeeHouseApp running
Enter [34mcommands[0m into the terminal: [34m[e.g. `q` or `quit`][0m
17:52:35 DEBUG [akka://coffee-house-system/user/coffee-house] - CoffeeHouse Open
17:52:35 DEBUG [akka://coffee-house-system/user/coffee-house/waiter] - started (com.lightbend.training.coffeehouse.Waiter@335a01a)
17:52:35 DEBUG [akka://coffee-house-system/user/coffee-house] - started (com.lightbend.training.coffeehouse.CoffeeHouse@3d7e86a4)
17:52:35 DEBUG [akka://coffee-house-system/user/coffee-house/barista] - started (com.lightbend.training.coffeehouse.Barista@2ee49d4d)
17:52:35 DEBUG [akka://coffee-house-system/user/coffee-house] - now supervising Actor[akka://coffee-house-system/user/coffee-house/waiter#2079373685]
17:52:35 DEBUG [akka://coffee-house-system/user/coffee-house] - now supervising Actor[akka://coffee-house-system/user/coffee-house/barista#-2010637160]
17:52:47 INFO  [akka://coffee-house-system/user/coffee-house] - Guest Actor[akka://coffee-house-system/user/coffee-house/$a#1689254587] added to guest book
17:52:47 DEBUG [akka://coffee-house-system/user/coffee-house] - now supervising Actor[akka://coffee-house-system/user/coffee-house/$a#1689254587]
17:52:47 INFO  [akka://coffee-house-system/user/coffee-house] - Guest Actor[akka://coffee-house-system/user/coffee-house/$b#-661295624] added to guest book
17:52:47 DEBUG [akka://coffee-house-system/user/coffee-house] - now supervising Actor[akka://coffee-house-system/user/coffee-house/$b#-661295624]
17:52:47 INFO  [akka://coffee-house-system/user/coffee-house] - Guest Actor[akka://coffee-house-system/user/coffee-house/$c#953815163] added to guest book
17:52:47 DEBUG [akka://coffee-house-system/user/coffee-house] - now supervising Actor[akka://coffee-house-system/user/coffee-house/$c#953815163]
17:52:47 DEBUG [akka://coffee-house-system/user/coffee-house/$b] - started (com.lightbend.training.coffeehouse.Guest@681b1197)
17:52:47 DEBUG [akka://coffee-house-system/user/coffee-house/$a] - started (com.lightbend.training.coffeehouse.Guest@4a5d9ad4)
17:52:47 DEBUG [akka://coffee-house-system/user/coffee-house/$c] - started (com.lightbend.training.coffeehouse.Guest@468b9b07)
17:52:47 INFO  [akka://coffee-house-system/user/coffee-house] - Guest {guest} caffeine count incremented.
17:52:47 INFO  [akka://coffee-house-system/user/coffee-house] - Guest {guest} caffeine count incremented.
17:52:47 INFO  [akka://coffee-house-system/user/coffee-house] - Guest {guest} caffeine count incremented.
17:52:50 INFO  [akka://coffee-house-system/user/coffee-house/$a] - Enjoying my 1 yummy Akkaccino!
17:52:52 INFO  [akka://coffee-house-system/user/coffee-house] - Guest {guest} caffeine count incremented.
17:52:53 INFO  [akka://coffee-house-system/user/coffee-house/$b] - Enjoying my 1 yummy Akkaccino!
17:52:54 WARN  [com.lightbend.training.coffeehouse.CoffeeHouseApp(akka://coffee-house-system)] - Unknown command 1 g 6 c !
17:52:55 INFO  [akka://coffee-house-system/user/coffee-house] - Guest {guest} caffeine count incremented.
17:52:56 INFO  [akka://coffee-house-system/user/coffee-house/$c] - Enjoying my 1 yummy Akkaccino!
17:52:58 INFO  [akka://coffee-house-system/user/coffee-house] - Guest {guest} caffeine count incremented.
17:52:59 INFO  [akka://coffee-house-system/user/coffee-house/$a] - Enjoying my 2 yummy Akkaccino!
17:53:01 INFO  [akka://coffee-house-system/user/coffee-house] - Guest {guest} caffeine count incremented.
17:53:02 INFO  [akka://coffee-house-system/user/coffee-house/$b] - Enjoying my 2 yummy Akkaccino!
17:53:04 INFO  [akka://coffee-house-system/user/coffee-house] - Guest Actor[akka://coffee-house-system/user/coffee-house/$d#1312473938] added to guest book
17:53:04 DEBUG [akka://coffee-house-system/user/coffee-house] - now supervising Actor[akka://coffee-house-system/user/coffee-house/$d#1312473938]
17:53:04 DEBUG [akka://coffee-house-system/user/coffee-house/$d] - started (com.lightbend.training.coffeehouse.Guest@84a8c70)
17:53:04 INFO  [akka://coffee-house-system/user/coffee-house] - Guest {guest} caffeine count incremented.
17:53:04 INFO  [akka://coffee-house-system/user/coffee-house] - Guest {guest} caffeine count incremented.
17:53:05 INFO  [akka://coffee-house-system/user/coffee-house/$c] - Enjoying my 2 yummy Akkaccino!
17:53:07 INFO  [akka://coffee-house-system/user/coffee-house] - Guest Actor[akka://coffee-house-system/user/coffee-house/$e#-1898114203] added to guest book
17:53:07 DEBUG [akka://coffee-house-system/user/coffee-house] - now supervising Actor[akka://coffee-house-system/user/coffee-house/$e#-1898114203]
17:53:07 DEBUG [akka://coffee-house-system/user/coffee-house/$e] - started (com.lightbend.training.coffeehouse.Guest@170dee2b)
17:53:07 INFO  [akka://coffee-house-system/user/coffee-house] - Guest {guest} caffeine count incremented.
17:53:07 INFO  [akka://coffee-house-system/user/coffee-house] - Guest {guest} caffeine count incremented.
17:53:08 INFO  [akka://coffee-house-system/user/coffee-house/$a] - Enjoying my 3 yummy Akkaccino!
17:53:10 INFO  [akka://coffee-house-system/user/coffee-house] - Guest {guest} caffeine count incremented.
17:53:11 INFO  [akka://coffee-house-system/user/coffee-house/$d] - Enjoying my 1 yummy CaffeScala!
17:53:13 INFO  [akka://coffee-house-system/user/coffee-house] - Guest {guest} caffeine count incremented.
17:53:14 INFO  [akka://coffee-house-system/user/coffee-house/$b] - Enjoying my 3 yummy Akkaccino!
17:53:16 INFO  [akka://coffee-house-system/user/coffee-house] - Guest {guest} caffeine count incremented.
17:53:17 INFO  [akka://coffee-house-system/user/coffee-house/$e] - Enjoying my 1 yummy MochaPlay!
17:53:19 INFO  [akka://coffee-house-system/user/coffee-house] - Guest {guest} caffeine count incremented.
17:53:20 INFO  [akka://coffee-house-system/user/coffee-house/$c] - Enjoying my 3 yummy Akkaccino!
17:53:22 INFO  [akka://coffee-house-system/user/coffee-house] - Guest {guest} caffeine count incremented.
17:53:23 INFO  [akka://coffee-house-system/user/coffee-house/$a] - Enjoying my 4 yummy Akkaccino!
17:53:25 INFO  [akka://coffee-house-system/user/coffee-house] - Guest {guest} caffeine count incremented.
17:53:26 INFO  [akka://coffee-house-system/user/coffee-house/$d] - Enjoying my 2 yummy CaffeScala!
17:53:28 INFO  [akka://coffee-house-system/user/coffee-house] - Guest {guest} caffeine count incremented.
17:53:29 INFO  [akka://coffee-house-system/user/coffee-house/$b] - Enjoying my 4 yummy Akkaccino!
17:53:31 INFO  [akka://coffee-house-system/user/coffee-house] - Guest {guest} caffeine count incremented.
17:53:32 INFO  [akka://coffee-house-system/user/coffee-house/$e] - Enjoying my 2 yummy MochaPlay!
17:53:34 INFO  [akka://coffee-house-system/user/coffee-house] - Guest {guest} caffeine count incremented.
17:53:35 INFO  [akka://coffee-house-system/user/coffee-house/$c] - Enjoying my 4 yummy Akkaccino!
17:53:37 INFO  [akka://coffee-house-system/user/coffee-house] - Guest {guest} caffeine count incremented.
17:53:38 INFO  [akka://coffee-house-system/user/coffee-house/$a] - Enjoying my 5 yummy Akkaccino!
17:53:40 INFO  [akka://coffee-house-system/user/coffee-house] - Sorry, Actor[akka://coffee-house-system/user/coffee-house/$a#1689254587], but you have reached your limit.
17:53:40 INFO  [akka://coffee-house-system/user/coffee-house/$a] - Goodbye!
17:53:40 DEBUG [akka://coffee-house-system/user/coffee-house/$a] - stopped
17:53:41 INFO  [akka://coffee-house-system/user/coffee-house/$d] - Enjoying my 3 yummy CaffeScala!
17:53:43 INFO  [akka://coffee-house-system/user/coffee-house] - Guest {guest} caffeine count incremented.
17:53:44 INFO  [akka://coffee-house-system/user/coffee-house/$b] - Enjoying my 5 yummy Akkaccino!
17:53:46 INFO  [akka://coffee-house-system/user/coffee-house] - Sorry, Actor[akka://coffee-house-system/user/coffee-house/$b#-661295624], but you have reached your limit.
17:53:46 INFO  [akka://coffee-house-system/user/coffee-house/$b] - Goodbye!
17:53:46 DEBUG [akka://coffee-house-system/user/coffee-house/$b] - stopped
17:53:47 INFO  [akka://coffee-house-system/user/coffee-house/$e] - Enjoying my 3 yummy MochaPlay!
17:53:49 INFO  [akka://coffee-house-system/user/coffee-house] - Guest {guest} caffeine count incremented.
17:53:50 INFO  [akka://coffee-house-system/user/coffee-house/$c] - Enjoying my 5 yummy Akkaccino!
17:53:52 INFO  [akka://coffee-house-system/user/coffee-house] - Sorry, Actor[akka://coffee-house-system/user/coffee-house/$c#953815163], but you have reached your limit.
17:53:52 INFO  [akka://coffee-house-system/user/coffee-house/$c] - Goodbye!
17:53:52 DEBUG [akka://coffee-house-system/user/coffee-house/$c] - stopped
17:53:53 INFO  [akka://coffee-house-system/user/coffee-house/$d] - Enjoying my 4 yummy CaffeScala!
17:53:55 INFO  [akka://coffee-house-system/user/coffee-house] - Guest {guest} caffeine count incremented.
17:53:56 INFO  [akka://coffee-house-system/user/coffee-house/$e] - Enjoying my 4 yummy MochaPlay!
17:53:58 INFO  [akka://coffee-house-system/user/coffee-house] - Guest {guest} caffeine count incremented.
17:53:59 INFO  [akka://coffee-house-system/user/coffee-house/$d] - Enjoying my 5 yummy CaffeScala!
17:54:01 INFO  [akka://coffee-house-system/user/coffee-house] - Sorry, Actor[akka://coffee-house-system/user/coffee-house/$d#1312473938], but you have reached your limit.
17:54:01 INFO  [akka://coffee-house-system/user/coffee-house/$d] - Goodbye!
17:54:01 DEBUG [akka://coffee-house-system/user/coffee-house/$d] - stopped
17:54:02 INFO  [akka://coffee-house-system/user/coffee-house/$e] - Enjoying my 5 yummy MochaPlay!
17:54:04 INFO  [akka://coffee-house-system/user/coffee-house] - Sorry, Actor[akka://coffee-house-system/user/coffee-house/$e#-1898114203], but you have reached your limit.
17:54:04 INFO  [akka://coffee-house-system/user/coffee-house/$e] - Goodbye!
17:54:04 DEBUG [akka://coffee-house-system/user/coffee-house/$e] - stopped
17:54:10 DEBUG [akka://coffee-house-system/user/coffee-house/barista] - stopped
17:54:10 DEBUG [akka://coffee-house-system/user/coffee-house] - stopping
17:54:10 DEBUG [akka://coffee-house-system/user/coffee-house/waiter] - stopped
17:54:10 DEBUG [akka://coffee-house-system/user/coffee-house] - stopped
13:50:06 WARN  [com.lightbend.training.coffeehouse.CoffeeHouseApp(akka://coffee-house-system)] - CoffeeHouseApp running
Enter [34mcommands[0m into the terminal: [34m[e.g. `q` or `quit`][0m
13:50:06 DEBUG [akka://coffee-house-system/user/coffee-house] - CoffeeHouse Open
13:50:06 DEBUG [akka://coffee-house-system/user/coffee-house/waiter] - started (com.lightbend.training.coffeehouse.Waiter@7b5616b3)
13:50:06 DEBUG [akka://coffee-house-system/user/coffee-house/barista] - started (com.lightbend.training.coffeehouse.Barista@4a264928)
13:50:06 DEBUG [akka://coffee-house-system/user/coffee-house] - started (com.lightbend.training.coffeehouse.CoffeeHouse@1c90930a)
13:50:06 DEBUG [akka://coffee-house-system/user/coffee-house] - now supervising Actor[akka://coffee-house-system/user/coffee-house/waiter#-1329800983]
13:50:06 DEBUG [akka://coffee-house-system/user/coffee-house] - now supervising Actor[akka://coffee-house-system/user/coffee-house/barista#-1881517833]
13:50:16 INFO  [akka://coffee-house-system/user/coffee-house] - Guest Actor[akka://coffee-house-system/user/coffee-house/$a#645000403] added to guest book
13:50:16 DEBUG [akka://coffee-house-system/user/coffee-house] - now supervising Actor[akka://coffee-house-system/user/coffee-house/$a#645000403]
13:50:16 INFO  [akka://coffee-house-system/user/coffee-house] - Guest Actor[akka://coffee-house-system/user/coffee-house/$b#-980419268] added to guest book
13:50:16 DEBUG [akka://coffee-house-system/user/coffee-house] - now supervising Actor[akka://coffee-house-system/user/coffee-house/$b#-980419268]
13:50:16 DEBUG [akka://coffee-house-system/user/coffee-house/$a] - started (com.lightbend.training.coffeehouse.Guest@51e196fd)
13:50:16 DEBUG [akka://coffee-house-system/user/coffee-house/$b] - started (com.lightbend.training.coffeehouse.Guest@325e1fc5)
13:50:16 DEBUG [akka://coffee-house-system/user/coffee-house/$a] - now watched by Actor[akka://coffee-house-system/user/coffee-house#-1865338599]
13:50:16 DEBUG [akka://coffee-house-system/user/coffee-house/$b] - now watched by Actor[akka://coffee-house-system/user/coffee-house#-1865338599]
13:50:16 INFO  [akka://coffee-house-system/user/coffee-house] - Guest Actor[akka://coffee-house-system/user/coffee-house/$c#470604126] added to guest book
13:50:16 DEBUG [akka://coffee-house-system/user/coffee-house] - now supervising Actor[akka://coffee-house-system/user/coffee-house/$c#470604126]
13:50:16 DEBUG [akka://coffee-house-system/user/coffee-house/$c] - started (com.lightbend.training.coffeehouse.Guest@8051b6)
13:50:16 DEBUG [akka://coffee-house-system/user/coffee-house/$c] - now watched by Actor[akka://coffee-house-system/user/coffee-house#-1865338599]
13:50:16 INFO  [akka://coffee-house-system/user/coffee-house] - Guest Actor[akka://coffee-house-system/user/coffee-house/$d#-2087739939] added to guest book
13:50:16 DEBUG [akka://coffee-house-system/user/coffee-house] - now supervising Actor[akka://coffee-house-system/user/coffee-house/$d#-2087739939]
13:50:16 DEBUG [akka://coffee-house-system/user/coffee-house/$d] - started (com.lightbend.training.coffeehouse.Guest@184f10d0)
13:50:16 DEBUG [akka://coffee-house-system/user/coffee-house/$d] - now watched by Actor[akka://coffee-house-system/user/coffee-house#-1865338599]
13:50:16 INFO  [akka://coffee-house-system/user/coffee-house] - Guest {guest} caffeine count incremented.
13:50:16 INFO  [akka://coffee-house-system/user/coffee-house] - Guest {guest} caffeine count incremented.
13:50:16 INFO  [akka://coffee-house-system/user/coffee-house] - Guest {guest} caffeine count incremented.
13:50:16 INFO  [akka://coffee-house-system/user/coffee-house] - Guest {guest} caffeine count incremented.
13:50:19 INFO  [akka://coffee-house-system/user/coffee-house/$a] - Enjoying my 1 yummy MochaPlay!
13:50:21 INFO  [akka://coffee-house-system/user/coffee-house] - Guest {guest} caffeine count incremented.
13:50:22 INFO  [akka://coffee-house-system/user/coffee-house/$b] - Enjoying my 1 yummy MochaPlay!
13:50:23 WARN  [com.lightbend.training.coffeehouse.CoffeeHouseApp(akka://coffee-house-system)] - Unknown command g 3 c !
13:50:24 INFO  [akka://coffee-house-system/user/coffee-house] - Guest {guest} caffeine count incremented.
13:50:25 INFO  [akka://coffee-house-system/user/coffee-house/$c] - Enjoying my 1 yummy MochaPlay!
13:50:27 INFO  [akka://coffee-house-system/user/coffee-house] - Guest {guest} caffeine count incremented.
13:50:28 INFO  [akka://coffee-house-system/user/coffee-house/$d] - Enjoying my 1 yummy MochaPlay!
13:50:30 INFO  [akka://coffee-house-system/user/coffee-house] - Guest {guest} caffeine count incremented.
13:50:31 INFO  [akka://coffee-house-system/user/coffee-house] - Guest Actor[akka://coffee-house-system/user/coffee-house/$e#-39401837] added to guest book
13:50:31 DEBUG [akka://coffee-house-system/user/coffee-house/$e] - started (com.lightbend.training.coffeehouse.Guest@522616a9)
13:50:31 DEBUG [akka://coffee-house-system/user/coffee-house] - now supervising Actor[akka://coffee-house-system/user/coffee-house/$e#-39401837]
13:50:31 DEBUG [akka://coffee-house-system/user/coffee-house/$e] - now watched by Actor[akka://coffee-house-system/user/coffee-house#-1865338599]
13:50:31 INFO  [akka://coffee-house-system/user/coffee-house] - Guest {guest} caffeine count incremented.
13:50:31 INFO  [akka://coffee-house-system/user/coffee-house/$a] - Enjoying my 2 yummy MochaPlay!
13:50:33 INFO  [akka://coffee-house-system/user/coffee-house] - Guest {guest} caffeine count incremented.
13:50:34 INFO  [akka://coffee-house-system/user/coffee-house/$b] - Enjoying my 2 yummy MochaPlay!
13:50:36 INFO  [akka://coffee-house-system/user/coffee-house] - Guest Actor[akka://coffee-house-system/user/coffee-house/$f#-1737464266] added to guest book
13:50:36 DEBUG [akka://coffee-house-system/user/coffee-house] - now supervising Actor[akka://coffee-house-system/user/coffee-house/$f#-1737464266]
13:50:36 DEBUG [akka://coffee-house-system/user/coffee-house/$f] - started (com.lightbend.training.coffeehouse.Guest@57651c79)
13:50:36 INFO  [akka://coffee-house-system/user/coffee-house] - Guest {guest} caffeine count incremented.
13:50:36 DEBUG [akka://coffee-house-system/user/coffee-house/$f] - now watched by Actor[akka://coffee-house-system/user/coffee-house#-1865338599]
13:50:36 INFO  [akka://coffee-house-system/user/coffee-house] - Guest {guest} caffeine count incremented.
13:50:37 INFO  [akka://coffee-house-system/user/coffee-house/$c] - Enjoying my 2 yummy MochaPlay!
13:50:39 INFO  [akka://coffee-house-system/user/coffee-house] - Guest Actor[akka://coffee-house-system/user/coffee-house/$g#-407646905] added to guest book
13:50:39 DEBUG [akka://coffee-house-system/user/coffee-house] - now supervising Actor[akka://coffee-house-system/user/coffee-house/$g#-407646905]
13:50:39 DEBUG [akka://coffee-house-system/user/coffee-house/$g] - started (com.lightbend.training.coffeehouse.Guest@2ae00807)
13:50:39 DEBUG [akka://coffee-house-system/user/coffee-house/$g] - now watched by Actor[akka://coffee-house-system/user/coffee-house#-1865338599]
13:50:39 INFO  [akka://coffee-house-system/user/coffee-house] - Guest Actor[akka://coffee-house-system/user/coffee-house/$h#-558259644] added to guest book
13:50:39 DEBUG [akka://coffee-house-system/user/coffee-house/$h] - started (com.lightbend.training.coffeehouse.Guest@6ad6076c)
13:50:39 DEBUG [akka://coffee-house-system/user/coffee-house] - now supervising Actor[akka://coffee-house-system/user/coffee-house/$h#-558259644]
13:50:39 DEBUG [akka://coffee-house-system/user/coffee-house/$h] - now watched by Actor[akka://coffee-house-system/user/coffee-house#-1865338599]
13:50:39 INFO  [akka://coffee-house-system/user/coffee-house] - Guest Actor[akka://coffee-house-system/user/coffee-house/$i#-179631422] added to guest book
13:50:39 DEBUG [akka://coffee-house-system/user/coffee-house/$i] - started (com.lightbend.training.coffeehouse.Guest@666a326)
13:50:39 DEBUG [akka://coffee-house-system/user/coffee-house] - now supervising Actor[akka://coffee-house-system/user/coffee-house/$i#-179631422]
13:50:39 DEBUG [akka://coffee-house-system/user/coffee-house/$i] - now watched by Actor[akka://coffee-house-system/user/coffee-house#-1865338599]
13:50:39 INFO  [akka://coffee-house-system/user/coffee-house] - Guest Actor[akka://coffee-house-system/user/coffee-house/$j#320902432] added to guest book
13:50:39 DEBUG [akka://coffee-house-system/user/coffee-house/$j] - started (com.lightbend.training.coffeehouse.Guest@b2dcb6a)
13:50:39 DEBUG [akka://coffee-house-system/user/coffee-house] - now supervising Actor[akka://coffee-house-system/user/coffee-house/$j#320902432]
13:50:39 DEBUG [akka://coffee-house-system/user/coffee-house/$j] - now watched by Actor[akka://coffee-house-system/user/coffee-house#-1865338599]
13:50:39 INFO  [akka://coffee-house-system/user/coffee-house] - Guest Actor[akka://coffee-house-system/user/coffee-house/$k#-1253992200] added to guest book
13:50:39 DEBUG [akka://coffee-house-system/user/coffee-house/$k] - started (com.lightbend.training.coffeehouse.Guest@53677ee4)
13:50:39 DEBUG [akka://coffee-house-system/user/coffee-house] - now supervising Actor[akka://coffee-house-system/user/coffee-house/$k#-1253992200]
13:50:39 DEBUG [akka://coffee-house-system/user/coffee-house/$k] - now watched by Actor[akka://coffee-house-system/user/coffee-house#-1865338599]
13:50:39 INFO  [akka://coffee-house-system/user/coffee-house] - Guest {guest} caffeine count incremented.
13:50:39 INFO  [akka://coffee-house-system/user/coffee-house] - Guest {guest} caffeine count incremented.
13:50:39 INFO  [akka://coffee-house-system/user/coffee-house] - Guest {guest} caffeine count incremented.
13:50:39 INFO  [akka://coffee-house-system/user/coffee-house] - Guest {guest} caffeine count incremented.
13:50:39 INFO  [akka://coffee-house-system/user/coffee-house] - Guest {guest} caffeine count incremented.
13:50:39 INFO  [akka://coffee-house-system/user/coffee-house] - Guest {guest} caffeine count incremented.
13:50:40 INFO  [akka://coffee-house-system/user/coffee-house/$d] - Enjoying my 2 yummy MochaPlay!
13:50:42 INFO  [akka://coffee-house-system/user/coffee-house] - Guest {guest} caffeine count incremented.
13:50:43 INFO  [akka://coffee-house-system/user/coffee-house/$e] - Enjoying my 1 yummy CaffeScala!
13:50:45 INFO  [akka://coffee-house-system/user/coffee-house] - Guest {guest} caffeine count incremented.
13:50:46 INFO  [akka://coffee-house-system/user/coffee-house/$a] - Enjoying my 3 yummy MochaPlay!
13:50:48 INFO  [akka://coffee-house-system/user/coffee-house] - Guest {guest} caffeine count incremented.
13:50:49 INFO  [akka://coffee-house-system/user/coffee-house/$f] - Enjoying my 1 yummy Akkaccino!
13:50:51 INFO  [akka://coffee-house-system/user/coffee-house] - Guest {guest} caffeine count incremented.
13:50:52 INFO  [akka://coffee-house-system/user/coffee-house/$b] - Enjoying my 3 yummy MochaPlay!
13:50:54 INFO  [akka://coffee-house-system/user/coffee-house] - Guest {guest} caffeine count incremented.
13:50:55 INFO  [akka://coffee-house-system/user/coffee-house/$g] - Enjoying my 1 yummy Akkaccino!
13:50:57 INFO  [akka://coffee-house-system/user/coffee-house] - Guest {guest} caffeine count incremented.
13:50:58 INFO  [akka://coffee-house-system/user/coffee-house/$h] - Enjoying my 1 yummy Akkaccino!
13:51:00 INFO  [akka://coffee-house-system/user/coffee-house] - Guest {guest} caffeine count incremented.
13:51:01 INFO  [akka://coffee-house-system/user/coffee-house/$i] - Enjoying my 1 yummy Akkaccino!
13:51:03 INFO  [akka://coffee-house-system/user/coffee-house] - Guest {guest} caffeine count incremented.
13:51:04 INFO  [akka://coffee-house-system/user/coffee-house/$j] - Enjoying my 1 yummy Akkaccino!
13:51:06 INFO  [akka://coffee-house-system/user/coffee-house] - Guest {guest} caffeine count incremented.
13:51:07 INFO  [akka://coffee-house-system/user/coffee-house/$k] - Enjoying my 1 yummy Akkaccino!
13:51:09 INFO  [akka://coffee-house-system/user/coffee-house] - Guest {guest} caffeine count incremented.
13:51:10 INFO  [akka://coffee-house-system/user/coffee-house/$c] - Enjoying my 3 yummy MochaPlay!
13:51:12 INFO  [akka://coffee-house-system/user/coffee-house] - Guest {guest} caffeine count incremented.
13:51:13 INFO  [akka://coffee-house-system/user/coffee-house/$d] - Enjoying my 3 yummy MochaPlay!
13:51:15 INFO  [akka://coffee-house-system/user/coffee-house] - Guest {guest} caffeine count incremented.
13:51:16 INFO  [akka://coffee-house-system/user/coffee-house/$e] - Enjoying my 2 yummy CaffeScala!
13:51:18 INFO  [akka://coffee-house-system/user/coffee-house] - Guest {guest} caffeine count incremented.
13:51:19 INFO  [akka://coffee-house-system/user/coffee-house/$a] - Enjoying my 4 yummy MochaPlay!
13:51:21 INFO  [akka://coffee-house-system/user/coffee-house] - Guest {guest} caffeine count incremented.
13:51:22 INFO  [akka://coffee-house-system/user/coffee-house/$f] - Enjoying my 2 yummy Akkaccino!
13:51:24 INFO  [akka://coffee-house-system/user/coffee-house] - Guest {guest} caffeine count incremented.
13:51:25 INFO  [akka://coffee-house-system/user/coffee-house/$b] - Enjoying my 4 yummy MochaPlay!
13:51:27 INFO  [akka://coffee-house-system/user/coffee-house] - Guest {guest} caffeine count incremented.
13:51:28 INFO  [akka://coffee-house-system/user/coffee-house/$g] - Enjoying my 2 yummy Akkaccino!
13:51:30 INFO  [akka://coffee-house-system/user/coffee-house] - Guest {guest} caffeine count incremented.
13:51:31 INFO  [akka://coffee-house-system/user/coffee-house/$h] - Enjoying my 2 yummy Akkaccino!
13:51:33 INFO  [akka://coffee-house-system/user/coffee-house] - Guest {guest} caffeine count incremented.
13:51:34 INFO  [akka://coffee-house-system/user/coffee-house/$i] - Enjoying my 2 yummy Akkaccino!
13:51:36 INFO  [akka://coffee-house-system/user/coffee-house] - Guest {guest} caffeine count incremented.
13:51:37 INFO  [akka://coffee-house-system/user/coffee-house/$j] - Enjoying my 2 yummy Akkaccino!
13:51:39 INFO  [akka://coffee-house-system/user/coffee-house] - Guest {guest} caffeine count incremented.
13:51:40 INFO  [akka://coffee-house-system/user/coffee-house/$k] - Enjoying my 2 yummy Akkaccino!
13:51:42 INFO  [akka://coffee-house-system/user/coffee-house] - Guest {guest} caffeine count incremented.
13:51:43 INFO  [akka://coffee-house-system/user/coffee-house/$c] - Enjoying my 4 yummy MochaPlay!
13:51:45 INFO  [akka://coffee-house-system/user/coffee-house] - Guest {guest} caffeine count incremented.
13:51:46 INFO  [akka://coffee-house-system/user/coffee-house/$d] - Enjoying my 4 yummy MochaPlay!
13:51:48 INFO  [akka://coffee-house-system/user/coffee-house] - Guest {guest} caffeine count incremented.
13:51:49 INFO  [akka://coffee-house-system/user/coffee-house/$e] - Enjoying my 3 yummy CaffeScala!
13:51:51 INFO  [akka://coffee-house-system/user/coffee-house] - Guest {guest} caffeine count incremented.
13:51:52 INFO  [akka://coffee-house-system/user/coffee-house/$a] - Enjoying my 5 yummy MochaPlay!
13:51:54 INFO  [akka://coffee-house-system/user/coffee-house] - Sorry, Actor[akka://coffee-house-system/user/coffee-house/$a#645000403], but you have reached your limit.
13:51:54 INFO  [akka://coffee-house-system/user/coffee-house/$a] - Goodbye!
13:51:54 DEBUG [akka://coffee-house-system/user/coffee-house/$a] - stopped
13:51:54 INFO  [akka://coffee-house-system/user/coffee-house] - Thanks Actor[akka://coffee-house-system/user/coffee-house/$a#645000403], for being our guest!
13:51:55 INFO  [akka://coffee-house-system/user/coffee-house/$f] - Enjoying my 3 yummy Akkaccino!
13:51:57 INFO  [akka://coffee-house-system/user/coffee-house] - Guest {guest} caffeine count incremented.
13:51:58 INFO  [akka://coffee-house-system/user/coffee-house/$b] - Enjoying my 5 yummy MochaPlay!
13:52:00 INFO  [akka://coffee-house-system/user/coffee-house] - Sorry, Actor[akka://coffee-house-system/user/coffee-house/$b#-980419268], but you have reached your limit.
13:52:00 INFO  [akka://coffee-house-system/user/coffee-house/$b] - Goodbye!
13:52:00 DEBUG [akka://coffee-house-system/user/coffee-house/$b] - stopped
13:52:00 INFO  [akka://coffee-house-system/user/coffee-house] - Thanks Actor[akka://coffee-house-system/user/coffee-house/$b#-980419268], for being our guest!
13:52:01 INFO  [akka://coffee-house-system/user/coffee-house/$g] - Enjoying my 3 yummy Akkaccino!
13:52:03 INFO  [akka://coffee-house-system/user/coffee-house] - Guest {guest} caffeine count incremented.
13:52:04 INFO  [akka://coffee-house-system/user/coffee-house/$h] - Enjoying my 3 yummy Akkaccino!
13:52:05 DEBUG [akka://coffee-house-system/user/coffee-house/$i] - no longer watched by Actor[akka://coffee-house-system/user/coffee-house#-1865338599]
13:52:05 DEBUG [akka://coffee-house-system/user/coffee-house/$d] - no longer watched by Actor[akka://coffee-house-system/user/coffee-house#-1865338599]
13:52:05 INFO  [akka://coffee-house-system/user/coffee-house/$d] - Goodbye!
13:52:05 DEBUG [akka://coffee-house-system/user/coffee-house/$d] - stopped
13:52:05 DEBUG [akka://coffee-house-system/user/coffee-house/$k] - no longer watched by Actor[akka://coffee-house-system/user/coffee-house#-1865338599]
13:52:05 INFO  [akka://coffee-house-system/user/coffee-house/$i] - Goodbye!
13:52:05 DEBUG [akka://coffee-house-system/user/coffee-house] - stopping
13:52:05 INFO  [akka://coffee-house-system/user/coffee-house/$k] - Goodbye!
13:52:05 DEBUG [akka://coffee-house-system/user/coffee-house/$i] - stopped
13:52:05 DEBUG [akka://coffee-house-system/user/coffee-house/$k] - stopped
13:52:05 DEBUG [akka://coffee-house-system/user/coffee-house/$f] - no longer watched by Actor[akka://coffee-house-system/user/coffee-house#-1865338599]
13:52:05 DEBUG [akka://coffee-house-system/user/coffee-house/$e] - no longer watched by Actor[akka://coffee-house-system/user/coffee-house#-1865338599]
13:52:05 INFO  [akka://coffee-house-system/user/coffee-house/$e] - Goodbye!
13:52:05 INFO  [akka://coffee-house-system/user/coffee-house/$f] - Goodbye!
13:52:05 DEBUG [akka://coffee-house-system/user/coffee-house/$f] - stopped
13:52:05 DEBUG [akka://coffee-house-system/user/coffee-house/$e] - stopped
13:52:05 DEBUG [akka://coffee-house-system/user/coffee-house/$j] - no longer watched by Actor[akka://coffee-house-system/user/coffee-house#-1865338599]
13:52:05 DEBUG [akka://coffee-house-system/user/coffee-house/$h] - no longer watched by Actor[akka://coffee-house-system/user/coffee-house#-1865338599]
13:52:05 INFO  [akka://coffee-house-system/user/coffee-house/$j] - Goodbye!
13:52:05 INFO  [akka://coffee-house-system/user/coffee-house/$h] - Goodbye!
13:52:05 DEBUG [akka://coffee-house-system/user/coffee-house/$j] - stopped
13:52:05 DEBUG [akka://coffee-house-system/user/coffee-house/$h] - stopped
13:52:05 DEBUG [akka://coffee-house-system/user/coffee-house/$c] - no longer watched by Actor[akka://coffee-house-system/user/coffee-house#-1865338599]
13:52:05 DEBUG [akka://coffee-house-system/user/coffee-house/$g] - no longer watched by Actor[akka://coffee-house-system/user/coffee-house#-1865338599]
13:52:05 INFO  [akka://coffee-house-system/user/coffee-house/$c] - Goodbye!
13:52:05 INFO  [akka://coffee-house-system/user/coffee-house/$g] - Goodbye!
13:52:05 DEBUG [akka://coffee-house-system/user/coffee-house/$g] - stopped
13:52:05 DEBUG [akka://coffee-house-system/user/coffee-house/$c] - stopped
13:52:05 DEBUG [akka://coffee-house-system/user/coffee-house/waiter] - stopped
13:52:07 DEBUG [akka://coffee-house-system/user/coffee-house/barista] - stopped
13:52:07 DEBUG [akka://coffee-house-system/user/coffee-house] - stopped
14:20:06 WARN  [com.lightbend.training.coffeehouse.CoffeeHouseApp(akka://coffee-house-system)] - CoffeeHouseApp running
Enter [34mcommands[0m into the terminal: [34m[e.g. `q` or `quit`][0m
14:20:06 DEBUG [akka://coffee-house-system/user/coffee-house] - CoffeeHouse Open
14:20:06 DEBUG [akka://coffee-house-system/user/coffee-house/waiter] - started (com.lightbend.training.coffeehouse.Waiter@34665b61)
14:20:06 DEBUG [akka://coffee-house-system/user/coffee-house/barista] - started (com.lightbend.training.coffeehouse.Barista@34ea0e78)
14:20:06 DEBUG [akka://coffee-house-system/user/coffee-house] - started (com.lightbend.training.coffeehouse.CoffeeHouse@7b34c035)
14:20:06 DEBUG [akka://coffee-house-system/user/coffee-house] - now supervising Actor[akka://coffee-house-system/user/coffee-house/waiter#1734818787]
14:20:06 DEBUG [akka://coffee-house-system/user/coffee-house] - now supervising Actor[akka://coffee-house-system/user/coffee-house/barista#364579958]
14:20:16 INFO  [akka://coffee-house-system/user/coffee-house] - Guest Actor[akka://coffee-house-system/user/coffee-house/$a#-1989183225] added to guest book
14:20:16 DEBUG [akka://coffee-house-system/user/coffee-house] - now supervising Actor[akka://coffee-house-system/user/coffee-house/$a#-1989183225]
14:20:16 DEBUG [akka://coffee-house-system/user/coffee-house/$a] - started (com.lightbend.training.coffeehouse.Guest@4c84895f)
14:20:16 DEBUG [akka://coffee-house-system/user/coffee-house/$a] - now watched by Actor[akka://coffee-house-system/user/coffee-house#-56029872]
14:20:16 INFO  [akka://coffee-house-system/user/coffee-house] - Guest Actor[akka://coffee-house-system/user/coffee-house/$a#-1989183225] caffeine count incremented.
14:20:19 INFO  [akka://coffee-house-system/user/coffee-house/$a] - Enjoying my 1 yummy Akkaccino!
14:20:21 INFO  [akka://coffee-house-system/user/coffee-house] - Guest Actor[akka://coffee-house-system/user/coffee-house/$a#-1989183225] caffeine count incremented.
14:20:24 INFO  [akka://coffee-house-system/user/coffee-house/$a] - Enjoying my 2 yummy Akkaccino!
14:20:26 INFO  [akka://coffee-house-system/user/coffee-house] - Guest Actor[akka://coffee-house-system/user/coffee-house/$a#-1989183225] caffeine count incremented.
14:20:29 INFO  [akka://coffee-house-system/user/coffee-house/$a] - Enjoying my 3 yummy Akkaccino!
14:20:31 INFO  [akka://coffee-house-system/user/coffee-house] - Guest Actor[akka://coffee-house-system/user/coffee-house/$a#-1989183225] caffeine count incremented.
14:20:34 INFO  [akka://coffee-house-system/user/coffee-house/$a] - Enjoying my 4 yummy Akkaccino!
14:20:36 INFO  [akka://coffee-house-system/user/coffee-house] - Guest Actor[akka://coffee-house-system/user/coffee-house/$a#-1989183225] caffeine count incremented.
14:20:39 INFO  [akka://coffee-house-system/user/coffee-house/$a] - Expected a Akkaccino, but got a MochaPlay!
14:20:39 ERROR [akka://coffee-house-system/user/coffee-house/waiter] - null
com.lightbend.training.coffeehouse.Waiter$FrustratedException$: null
	at com.lightbend.training.coffeehouse.Waiter$FrustratedException$.<clinit>(Waiter.scala:10)
	at com.lightbend.training.coffeehouse.Waiter$$anonfun$receive$1.applyOrElse(Waiter.scala:31)
	at akka.actor.Actor.aroundReceive(Actor.scala:534)
	at akka.actor.Actor.aroundReceive$(Actor.scala:532)
	at com.lightbend.training.coffeehouse.Waiter.aroundReceive(Waiter.scala:18)
	at akka.actor.ActorCell.receiveMessage(ActorCell.scala:573)
	at akka.actor.ActorCell.invoke$$original(ActorCell.scala:543)
	at akka.actor.ActorCell.invoke(ActorCell.scala:61)
	at akka.dispatch.Mailbox.processMailbox(Mailbox.scala:269)
	at akka.dispatch.Mailbox.run$$original(Mailbox.scala:230)
	at akka.dispatch.Mailbox.run(Mailbox.scala:32)
	at cinnamon.akka.DispatcherInstruments$RecordingRunnable.run(DispatcherInstruments.scala:143)
	at akka.dispatch.ForkJoinExecutorConfigurator$AkkaForkJoinTask.exec(ForkJoinExecutorConfigurator.scala:47)
	at java.util.concurrent.ForkJoinTask.doExec(ForkJoinTask.java:289)
	at java.util.concurrent.ForkJoinPool$WorkQueue.runTask(ForkJoinPool.java:1056)
	at java.util.concurrent.ForkJoinPool.runWorker(ForkJoinPool.java:1692)
	at java.util.concurrent.ForkJoinWorkerThread.run(ForkJoinWorkerThread.java:172)
14:20:39 DEBUG [akka://coffee-house-system/user/coffee-house/waiter] - restarting
14:20:39 DEBUG [akka://coffee-house-system/user/coffee-house/waiter] - restarted
14:21:24 WARN  [com.lightbend.training.coffeehouse.CoffeeHouseApp(akka://coffee-house-system)] - Unknown command nextExercise!
14:21:26 DEBUG [akka://coffee-house-system/user/coffee-house/barista] - stopped
14:21:26 DEBUG [akka://coffee-house-system/user/coffee-house] - stopping
14:21:26 DEBUG [akka://coffee-house-system/user/coffee-house/$a] - no longer watched by Actor[akka://coffee-house-system/user/coffee-house#-56029872]
14:21:26 DEBUG [akka://coffee-house-system/user/coffee-house/waiter] - stopped
14:21:26 INFO  [akka://coffee-house-system/user/coffee-house/$a] - Goodbye!
14:21:26 DEBUG [akka://coffee-house-system/user/coffee-house/$a] - stopped
14:21:26 DEBUG [akka://coffee-house-system/user/coffee-house] - stopped
14:27:41 WARN  [com.lightbend.training.coffeehouse.CoffeeHouseApp(akka://coffee-house-system)] - CoffeeHouseApp running
Enter [34mcommands[0m into the terminal: [34m[e.g. `q` or `quit`][0m
14:27:41 DEBUG [akka://coffee-house-system/user/coffee-house] - CoffeeHouse Open
14:27:41 DEBUG [akka://coffee-house-system/user/coffee-house/waiter] - started (com.lightbend.training.coffeehouse.Waiter@25d38a99)
14:27:41 DEBUG [akka://coffee-house-system/user/coffee-house/barista] - started (com.lightbend.training.coffeehouse.Barista@147ab5ff)
14:27:41 DEBUG [akka://coffee-house-system/user/coffee-house] - started (com.lightbend.training.coffeehouse.CoffeeHouse@7d927529)
14:27:41 DEBUG [akka://coffee-house-system/user/coffee-house] - now supervising Actor[akka://coffee-house-system/user/coffee-house/waiter#-331699280]
14:27:41 DEBUG [akka://coffee-house-system/user/coffee-house] - now supervising Actor[akka://coffee-house-system/user/coffee-house/barista#-740858722]
14:27:50 INFO  [akka://coffee-house-system/user/coffee-house] - Guest Actor[akka://coffee-house-system/user/coffee-house/$a#-1642630750] added to guest book
14:27:50 DEBUG [akka://coffee-house-system/user/coffee-house] - now supervising Actor[akka://coffee-house-system/user/coffee-house/$a#-1642630750]
14:27:50 DEBUG [akka://coffee-house-system/user/coffee-house/$a] - started (com.lightbend.training.coffeehouse.Guest@55eb83d9)
14:27:50 DEBUG [akka://coffee-house-system/user/coffee-house/$a] - now watched by Actor[akka://coffee-house-system/user/coffee-house#1788222271]
14:27:50 INFO  [akka://coffee-house-system/user/coffee-house] - Guest Actor[akka://coffee-house-system/user/coffee-house/$a#-1642630750] caffeine count incremented.
14:27:53 INFO  [akka://coffee-house-system/user/coffee-house/$a] - Enjoying my 1 yummy MochaPlay!
14:27:55 INFO  [akka://coffee-house-system/user/coffee-house] - Guest Actor[akka://coffee-house-system/user/coffee-house/$a#-1642630750] caffeine count incremented.
14:27:58 INFO  [akka://coffee-house-system/user/coffee-house/$a] - Enjoying my 2 yummy MochaPlay!
14:28:00 INFO  [akka://coffee-house-system/user/coffee-house] - Guest Actor[akka://coffee-house-system/user/coffee-house/$a#-1642630750] caffeine count incremented.
14:28:03 INFO  [akka://coffee-house-system/user/coffee-house/$a] - Enjoying my 3 yummy MochaPlay!
14:28:05 INFO  [akka://coffee-house-system/user/coffee-house] - Guest Actor[akka://coffee-house-system/user/coffee-house/$a#-1642630750] caffeine count incremented.
14:28:08 INFO  [akka://coffee-house-system/user/coffee-house/$a] - Enjoying my 4 yummy MochaPlay!
14:28:10 INFO  [akka://coffee-house-system/user/coffee-house] - Guest Actor[akka://coffee-house-system/user/coffee-house/$a#-1642630750] caffeine count incremented.
14:28:13 INFO  [akka://coffee-house-system/user/coffee-house/$a] - Enjoying my 5 yummy MochaPlay!
14:28:15 INFO  [akka://coffee-house-system/user/coffee-house] - Sorry, Actor[akka://coffee-house-system/user/coffee-house/$a#-1642630750], but you have reached your limit.
14:28:15 INFO  [akka://coffee-house-system/user/coffee-house/$a] - Goodbye!
14:28:15 DEBUG [akka://coffee-house-system/user/coffee-house/$a] - stopped
14:28:15 INFO  [akka://coffee-house-system/user/coffee-house] - Thanks Actor[akka://coffee-house-system/user/coffee-house/$a#-1642630750], for being our guest!
14:28:26 INFO  [akka://coffee-house-system/user/coffee-house] - Guest Actor[akka://coffee-house-system/user/coffee-house/$b#-4758273] added to guest book
14:28:26 DEBUG [akka://coffee-house-system/user/coffee-house] - now supervising Actor[akka://coffee-house-system/user/coffee-house/$b#-4758273]
14:28:26 DEBUG [akka://coffee-house-system/user/coffee-house/$b] - started (com.lightbend.training.coffeehouse.Guest@1c2ba47a)
14:28:26 DEBUG [akka://coffee-house-system/user/coffee-house/$b] - now watched by Actor[akka://coffee-house-system/user/coffee-house#1788222271]
14:28:26 INFO  [akka://coffee-house-system/user/coffee-house] - Guest Actor[akka://coffee-house-system/user/coffee-house/$b#-4758273] caffeine count incremented.
14:28:29 INFO  [akka://coffee-house-system/user/coffee-house/$b] - Enjoying my 1 yummy Akkaccino!
14:28:31 INFO  [akka://coffee-house-system/user/coffee-house] - Guest Actor[akka://coffee-house-system/user/coffee-house/$b#-4758273] caffeine count incremented.
14:28:34 INFO  [akka://coffee-house-system/user/coffee-house/$b] - Expected a Akkaccino, but got a CaffeScala!
14:28:34 ERROR [akka://coffee-house-system/user/coffee-house/waiter] - null
com.lightbend.training.coffeehouse.Waiter$FrustratedException: null
	at com.lightbend.training.coffeehouse.Waiter$$anonfun$receive$1.applyOrElse(Waiter.scala:32)
	at akka.actor.Actor.aroundReceive(Actor.scala:534)
	at akka.actor.Actor.aroundReceive$(Actor.scala:532)
	at com.lightbend.training.coffeehouse.Waiter.aroundReceive(Waiter.scala:19)
	at akka.actor.ActorCell.receiveMessage(ActorCell.scala:573)
	at akka.actor.ActorCell.invoke$$original(ActorCell.scala:543)
	at akka.actor.ActorCell.invoke(ActorCell.scala:61)
	at akka.dispatch.Mailbox.processMailbox(Mailbox.scala:269)
	at akka.dispatch.Mailbox.run$$original(Mailbox.scala:230)
	at akka.dispatch.Mailbox.run(Mailbox.scala:32)
	at cinnamon.akka.DispatcherInstruments$RecordingRunnable.run(DispatcherInstruments.scala:143)
	at akka.dispatch.ForkJoinExecutorConfigurator$AkkaForkJoinTask.exec(ForkJoinExecutorConfigurator.scala:47)
	at java.util.concurrent.ForkJoinTask.doExec(ForkJoinTask.java:289)
	at java.util.concurrent.ForkJoinPool$WorkQueue.runTask(ForkJoinPool.java:1056)
	at java.util.concurrent.ForkJoinPool.runWorker(ForkJoinPool.java:1692)
	at java.util.concurrent.ForkJoinWorkerThread.run(ForkJoinWorkerThread.java:172)
14:28:34 DEBUG [akka://coffee-house-system/user/coffee-house/waiter] - restarting
14:28:34 DEBUG [akka://coffee-house-system/user/coffee-house/waiter] - restarted
14:28:37 INFO  [akka://coffee-house-system/user/coffee-house/$b] - Expected a Akkaccino, but got a CaffeScala!
14:28:37 ERROR [akka://coffee-house-system/user/coffee-house/waiter] - null
com.lightbend.training.coffeehouse.Waiter$FrustratedException: null
	at com.lightbend.training.coffeehouse.Waiter$$anonfun$receive$1.applyOrElse(Waiter.scala:32)
	at akka.actor.Actor.aroundReceive(Actor.scala:534)
	at akka.actor.Actor.aroundReceive$(Actor.scala:532)
	at com.lightbend.training.coffeehouse.Waiter.aroundReceive(Waiter.scala:19)
	at akka.actor.ActorCell.receiveMessage(ActorCell.scala:573)
	at akka.actor.ActorCell.invoke$$original(ActorCell.scala:543)
	at akka.actor.ActorCell.invoke(ActorCell.scala:61)
	at akka.dispatch.Mailbox.processMailbox(Mailbox.scala:269)
	at akka.dispatch.Mailbox.run$$original(Mailbox.scala:230)
	at akka.dispatch.Mailbox.run(Mailbox.scala:32)
	at cinnamon.akka.DispatcherInstruments$RecordingRunnable.run(DispatcherInstruments.scala:143)
	at akka.dispatch.ForkJoinExecutorConfigurator$AkkaForkJoinTask.exec(ForkJoinExecutorConfigurator.scala:47)
	at java.util.concurrent.ForkJoinTask.doExec(ForkJoinTask.java:289)
	at java.util.concurrent.ForkJoinPool$WorkQueue.runTask(ForkJoinPool.java:1056)
	at java.util.concurrent.ForkJoinPool.runWorker(ForkJoinPool.java:1692)
	at java.util.concurrent.ForkJoinWorkerThread.run(ForkJoinWorkerThread.java:172)
14:28:37 DEBUG [akka://coffee-house-system/user/coffee-house/waiter] - restarting
14:28:37 DEBUG [akka://coffee-house-system/user/coffee-house/waiter] - restarted
14:28:40 INFO  [akka://coffee-house-system/user/coffee-house/$b] - Enjoying my 2 yummy Akkaccino!
14:28:42 INFO  [akka://coffee-house-system/user/coffee-house] - Guest Actor[akka://coffee-house-system/user/coffee-house/$b#-4758273] caffeine count incremented.
14:28:45 INFO  [akka://coffee-house-system/user/coffee-house/$b] - Expected a Akkaccino, but got a CaffeScala!
14:28:45 ERROR [akka://coffee-house-system/user/coffee-house/waiter] - null
com.lightbend.training.coffeehouse.Waiter$FrustratedException: null
	at com.lightbend.training.coffeehouse.Waiter$$anonfun$receive$1.applyOrElse(Waiter.scala:32)
	at akka.actor.Actor.aroundReceive(Actor.scala:534)
	at akka.actor.Actor.aroundReceive$(Actor.scala:532)
	at com.lightbend.training.coffeehouse.Waiter.aroundReceive(Waiter.scala:19)
	at akka.actor.ActorCell.receiveMessage(ActorCell.scala:573)
	at akka.actor.ActorCell.invoke$$original(ActorCell.scala:543)
	at akka.actor.ActorCell.invoke(ActorCell.scala:61)
	at akka.dispatch.Mailbox.processMailbox(Mailbox.scala:269)
	at akka.dispatch.Mailbox.run$$original(Mailbox.scala:230)
	at akka.dispatch.Mailbox.run(Mailbox.scala:32)
	at cinnamon.akka.DispatcherInstruments$RecordingRunnable.run(DispatcherInstruments.scala:143)
	at akka.dispatch.ForkJoinExecutorConfigurator$AkkaForkJoinTask.exec(ForkJoinExecutorConfigurator.scala:47)
	at java.util.concurrent.ForkJoinTask.doExec(ForkJoinTask.java:289)
	at java.util.concurrent.ForkJoinPool$WorkQueue.runTask(ForkJoinPool.java:1056)
	at java.util.concurrent.ForkJoinPool.runWorker(ForkJoinPool.java:1692)
	at java.util.concurrent.ForkJoinWorkerThread.run(ForkJoinWorkerThread.java:172)
14:28:45 DEBUG [akka://coffee-house-system/user/coffee-house/waiter] - restarting
14:28:45 DEBUG [akka://coffee-house-system/user/coffee-house/waiter] - restarted
14:28:48 INFO  [akka://coffee-house-system/user/coffee-house/$b] - Expected a Akkaccino, but got a CaffeScala!
14:28:48 ERROR [akka://coffee-house-system/user/coffee-house/waiter] - null
com.lightbend.training.coffeehouse.Waiter$FrustratedException: null
	at com.lightbend.training.coffeehouse.Waiter$$anonfun$receive$1.applyOrElse(Waiter.scala:32)
	at akka.actor.Actor.aroundReceive(Actor.scala:534)
	at akka.actor.Actor.aroundReceive$(Actor.scala:532)
	at com.lightbend.training.coffeehouse.Waiter.aroundReceive(Waiter.scala:19)
	at akka.actor.ActorCell.receiveMessage(ActorCell.scala:573)
	at akka.actor.ActorCell.invoke$$original(ActorCell.scala:543)
	at akka.actor.ActorCell.invoke(ActorCell.scala:61)
	at akka.dispatch.Mailbox.processMailbox(Mailbox.scala:269)
	at akka.dispatch.Mailbox.run$$original(Mailbox.scala:230)
	at akka.dispatch.Mailbox.run(Mailbox.scala:32)
	at cinnamon.akka.DispatcherInstruments$RecordingRunnable.run(DispatcherInstruments.scala:143)
	at akka.dispatch.ForkJoinExecutorConfigurator$AkkaForkJoinTask.exec(ForkJoinExecutorConfigurator.scala:47)
	at java.util.concurrent.ForkJoinTask.doExec(ForkJoinTask.java:289)
	at java.util.concurrent.ForkJoinPool$WorkQueue.runTask(ForkJoinPool.java:1056)
	at java.util.concurrent.ForkJoinPool.runWorker(ForkJoinPool.java:1692)
	at java.util.concurrent.ForkJoinWorkerThread.run(ForkJoinWorkerThread.java:172)
14:28:48 DEBUG [akka://coffee-house-system/user/coffee-house/waiter] - restarting
14:28:48 DEBUG [akka://coffee-house-system/user/coffee-house/waiter] - restarted
14:28:51 INFO  [akka://coffee-house-system/user/coffee-house/$b] - Expected a Akkaccino, but got a MochaPlay!
14:28:51 ERROR [akka://coffee-house-system/user/coffee-house/waiter] - null
com.lightbend.training.coffeehouse.Waiter$FrustratedException: null
	at com.lightbend.training.coffeehouse.Waiter$$anonfun$receive$1.applyOrElse(Waiter.scala:32)
	at akka.actor.Actor.aroundReceive(Actor.scala:534)
	at akka.actor.Actor.aroundReceive$(Actor.scala:532)
	at com.lightbend.training.coffeehouse.Waiter.aroundReceive(Waiter.scala:19)
	at akka.actor.ActorCell.receiveMessage(ActorCell.scala:573)
	at akka.actor.ActorCell.invoke$$original(ActorCell.scala:543)
	at akka.actor.ActorCell.invoke(ActorCell.scala:61)
	at akka.dispatch.Mailbox.processMailbox(Mailbox.scala:269)
	at akka.dispatch.Mailbox.run$$original(Mailbox.scala:230)
	at akka.dispatch.Mailbox.run(Mailbox.scala:32)
	at cinnamon.akka.DispatcherInstruments$RecordingRunnable.run(DispatcherInstruments.scala:143)
	at akka.dispatch.ForkJoinExecutorConfigurator$AkkaForkJoinTask.exec(ForkJoinExecutorConfigurator.scala:47)
	at java.util.concurrent.ForkJoinTask.doExec(ForkJoinTask.java:289)
	at java.util.concurrent.ForkJoinPool$WorkQueue.runTask(ForkJoinPool.java:1056)
	at java.util.concurrent.ForkJoinPool.runWorker(ForkJoinPool.java:1692)
	at java.util.concurrent.ForkJoinWorkerThread.run(ForkJoinWorkerThread.java:172)
14:28:51 DEBUG [akka://coffee-house-system/user/coffee-house/waiter] - restarting
14:28:51 DEBUG [akka://coffee-house-system/user/coffee-house/waiter] - restarted
14:28:54 INFO  [akka://coffee-house-system/user/coffee-house/$b] - Enjoying my 3 yummy Akkaccino!
14:28:56 INFO  [akka://coffee-house-system/user/coffee-house] - Guest Actor[akka://coffee-house-system/user/coffee-house/$b#-4758273] caffeine count incremented.
14:28:59 INFO  [akka://coffee-house-system/user/coffee-house/$b] - Enjoying my 4 yummy Akkaccino!
14:29:01 INFO  [akka://coffee-house-system/user/coffee-house] - Guest Actor[akka://coffee-house-system/user/coffee-house/$b#-4758273] caffeine count incremented.
14:29:04 INFO  [akka://coffee-house-system/user/coffee-house/$b] - Enjoying my 5 yummy Akkaccino!
14:29:06 INFO  [akka://coffee-house-system/user/coffee-house] - Sorry, Actor[akka://coffee-house-system/user/coffee-house/$b#-4758273], but you have reached your limit.
14:29:06 INFO  [akka://coffee-house-system/user/coffee-house/$b] - Goodbye!
14:29:06 DEBUG [akka://coffee-house-system/user/coffee-house/$b] - stopped
14:29:06 INFO  [akka://coffee-house-system/user/coffee-house] - Thanks Actor[akka://coffee-house-system/user/coffee-house/$b#-4758273], for being our guest!
